<?xml version="1.0" encoding="UTF-8"?>
<testsuite xmlns:xsi="http://www.w3.org/2001/XMLSchema-instance" xsi:noNamespaceSchemaLocation="https://maven.apache.org/surefire/maven-surefire-plugin/xsd/surefire-test-report.xsd" name="dev.onload.apm.agent.HelloAgentTest" time="0.02" tests="1" errors="0" skipped="1" failures="0">
  <properties>
    <property name="gopherProxySet" value="false"/>
    <property name="awt.toolkit" value="sun.lwawt.macosx.LWCToolkit"/>
    <property name="file.encoding.pkg" value="sun.io"/>
    <property name="java.specification.version" value="1.8"/>
    <property name="sun.cpu.isalist" value=""/>
    <property name="sun.jnu.encoding" value="UTF-8"/>
    <property name="java.class.path" value="/Users/babywang/Desktop/reserch/dev/workspace/ontheroad/apm/target/test-classes:/Users/babywang/Desktop/reserch/dev/workspace/ontheroad/apm/target/classes:/Users/babywang/Desktop/reserch/dev/maven-resp/junit/junit/4.12/junit-4.12.jar:/Users/babywang/Desktop/reserch/dev/maven-resp/org/hamcrest/hamcrest-core/1.3/hamcrest-core-1.3.jar:/Users/babywang/Desktop/reserch/dev/maven-resp/org/javassist/javassist/3.23.2-GA/javassist-3.23.2-GA.jar:"/>
    <property name="java.vm.vendor" value="JetBrains s.r.o"/>
    <property name="sun.arch.data.model" value="64"/>
    <property name="java.vendor.url" value="https://www.jetbrains.com/"/>
    <property name="user.timezone" value=""/>
    <property name="java.vm.specification.version" value="1.8"/>
    <property name="os.name" value="Mac OS X"/>
    <property name="user.country" value="CN"/>
    <property name="sun.java.launcher" value="SUN_STANDARD"/>
    <property name="sun.boot.library.path" value="/Applications/IntelliJ IDEA.app/Contents/jdk/Contents/Home/jre/lib"/>
    <property name="sun.java.command" value="/Users/babywang/Desktop/reserch/dev/workspace/ontheroad/apm/target/surefire/surefirebooter3860896312508347572.jar /Users/babywang/Desktop/reserch/dev/workspace/ontheroad/apm/target/surefire 2019-08-11T17-00-04_620-jvmRun1 surefire3118118528925657496tmp surefire_0221412457351491764tmp"/>
    <property name="surefire.test.class.path" value="/Users/babywang/Desktop/reserch/dev/workspace/ontheroad/apm/target/test-classes:/Users/babywang/Desktop/reserch/dev/workspace/ontheroad/apm/target/classes:/Users/babywang/Desktop/reserch/dev/maven-resp/junit/junit/4.12/junit-4.12.jar:/Users/babywang/Desktop/reserch/dev/maven-resp/org/hamcrest/hamcrest-core/1.3/hamcrest-core-1.3.jar:/Users/babywang/Desktop/reserch/dev/maven-resp/org/javassist/javassist/3.23.2-GA/javassist-3.23.2-GA.jar:"/>
    <property name="sun.cpu.endian" value="little"/>
    <property name="user.home" value="/Users/babywang"/>
    <property name="user.language" value="zh"/>
    <property name="java.specification.vendor" value="Oracle Corporation"/>
    <property name="java.home" value="/Applications/IntelliJ IDEA.app/Contents/jdk/Contents/Home/jre"/>
    <property name="basedir" value="/Users/babywang/Desktop/reserch/dev/workspace/ontheroad/apm"/>
    <property name="file.separator" value="/"/>
    <property name="line.separator" value="&#10;"/>
    <property name="java.vm.specification.vendor" value="Oracle Corporation"/>
    <property name="java.specification.name" value="Java Platform API Specification"/>
    <property name="java.awt.graphicsenv" value="sun.awt.CGraphicsEnvironment"/>
    <property name="surefire.real.class.path" value="/Users/babywang/Desktop/reserch/dev/workspace/ontheroad/apm/target/surefire/surefirebooter3860896312508347572.jar"/>
    <property name="sun.boot.class.path" value="/Applications/IntelliJ IDEA.app/Contents/jdk/Contents/Home/jre/lib/resources.jar:/Applications/IntelliJ IDEA.app/Contents/jdk/Contents/Home/jre/lib/rt.jar:/Applications/IntelliJ IDEA.app/Contents/jdk/Contents/Home/jre/lib/sunrsasign.jar:/Applications/IntelliJ IDEA.app/Contents/jdk/Contents/Home/jre/lib/jsse.jar:/Applications/IntelliJ IDEA.app/Contents/jdk/Contents/Home/jre/lib/jce.jar:/Applications/IntelliJ IDEA.app/Contents/jdk/Contents/Home/jre/lib/charsets.jar:/Applications/IntelliJ IDEA.app/Contents/jdk/Contents/Home/jre/lib/jfr.jar:/Applications/IntelliJ IDEA.app/Contents/jdk/Contents/Home/jre/classes"/>
    <property name="sun.management.compiler" value="HotSpot 64-Bit Tiered Compilers"/>
    <property name="java.runtime.version" value="1.8.0_202-release-1483-b49"/>
    <property name="user.name" value="babywang"/>
    <property name="path.separator" value=":"/>
    <property name="os.version" value="10.14.6"/>
    <property name="java.endorsed.dirs" value="/Applications/IntelliJ IDEA.app/Contents/jdk/Contents/Home/jre/lib/endorsed"/>
    <property name="java.runtime.name" value="OpenJDK Runtime Environment"/>
    <property name="file.encoding" value="US-ASCII"/>
    <property name="java.vm.name" value="OpenJDK 64-Bit Server VM"/>
    <property name="localRepository" value="/Users/babywang/Desktop/reserch/dev/maven-resp"/>
    <property name="java.vendor.url.bug" value="https://youtrack.jetbrains.com"/>
    <property name="java.io.tmpdir" value="/var/folders/05/h1xjc5w153d7vvpvhxbn0hkw0000gn/T/"/>
    <property name="java.version" value="1.8.0_202-release"/>
    <property name="user.dir" value="/Users/babywang/Desktop/reserch/dev/workspace/ontheroad/apm"/>
    <property name="os.arch" value="x86_64"/>
    <property name="java.vm.specification.name" value="Java Virtual Machine Specification"/>
    <property name="java.awt.printerjob" value="sun.lwawt.macosx.CPrinterJob"/>
    <property name="idea.version2019.1.2" value="true"/>
    <property name="sun.os.patch.level" value="unknown"/>
    <property name="java.library.path" value="/Users/babywang/Library/Java/Extensions:/Library/Java/Extensions:/Network/Library/Java/Extensions:/System/Library/Java/Extensions:/usr/lib/java:."/>
    <property name="java.vm.info" value="mixed mode"/>
    <property name="java.vendor" value="JetBrains s.r.o"/>
    <property name="java.vm.version" value="25.202-b49"/>
    <property name="java.ext.dirs" value="/Users/babywang/Library/Java/Extensions:/Applications/IntelliJ IDEA.app/Contents/jdk/Contents/Home/jre/lib/ext:/Library/Java/Extensions:/Network/Library/Java/Extensions:/System/Library/Java/Extensions:/usr/lib/java"/>
    <property name="sun.io.unicode.encoding" value="UnicodeBig"/>
    <property name="java.class.version" value="52.0"/>
  </properties>
  <testcase name="echo" classname="dev.onload.apm.agent.HelloAgentTest" time="0">
    <skipped/>
  </testcase>
</testsuite>